NetworkJSON/app/build/intermediates/manifest_merge_blame_file/debug/manifest-merger-blame-debug-report.txt
1<?xml version="1.0" encoding="utf-8"?>
2<manifest xmlns:android="http://schemas.android.com/apk/res/android"
3    package="course.examples.networking.url"
4    android:versionCode="1"
5    android:versionName="1.0" >
6
7    <uses-sdk
8        android:minSdkVersion="23"
8-->src\main\AndroidManifest.xml
9        android:targetSdkVersion="29" />
9-->src\main\AndroidManifest.xml
10
11    <uses-permission android:name="android.permission.INTERNET" />
11-->src\main\AndroidManifest.xml:8:5-67
11-->src\main\AndroidManifest.xml:8:22-64
12    <uses-permission android:name="android.permission.ACCESS_NETWORK_STATE" />
12-->src\main\AndroidManifest.xml:9:5-79
12-->src\main\AndroidManifest.xml:9:22-76
13
14    <application
14-->src\main\AndroidManifest.xml:11:5-29:19
15        android:allowBackup="false"
15-->src\main\AndroidManifest.xml:12:9-36
16        android:debuggable="true"
17        android:extractNativeLibs="false"
18        android:icon="@drawable/ic_launcher"
18-->src\main\AndroidManifest.xml:13:9-45
19        android:label="@string/app_name"
19-->src\main\AndroidManifest.xml:14:9-41
20        android:testOnly="true"
21        android:usesCleartextTraffic="true" >
21-->src\main\AndroidManifest.xml:15:9-44
22        <activity
22-->src\main\AndroidManifest.xml:17:9-25:20
23            android:name="course.examples.networking.url.NetworkingURLActivity"
23-->src\main\AndroidManifest.xml:18:13-80
24            android:label="@string/app_name" >
24-->src\main\AndroidManifest.xml:19:13-45
25            <intent-filter>
25-->src\main\AndroidManifest.xml:20:13-24:29
26                <action android:name="android.intent.action.MAIN" />
26-->src\main\AndroidManifest.xml:21:17-69
26-->src\main\AndroidManifest.xml:21:25-66
27
28                <category android:name="android.intent.category.LAUNCHER" />
28-->src\main\AndroidManifest.xml:23:17-77
28-->src\main\AndroidManifest.xml:23:27-74
29            </intent-filter>
30        </activity>
31        <activity android:name="course.examples.networking.url.NetworkJsonActivity" >
31-->src\main\AndroidManifest.xml:27:9-28:20
31-->src\main\AndroidManifest.xml:27:19-84
32        </activity>
33    </application>
34
35</manifest>